<?xml version="1.0" encoding="UTF-8"?>
<coverage generated="1716870303211" clover="3.2.0">
  <project timestamp="1716870303211" name="All files">
    <metrics statements="62" coveredstatements="49" conditionals="94" coveredconditionals="81" methods="11" coveredmethods="10" elements="167" coveredelements="140" complexity="0" loc="62" ncloc="62" packages="1" files="3" classes="3"/>
    <file name="Button.jsx" path="C:\Users\Eduar\OneDrive\Documentos\WEB\Lab8Calculadora\src\Componentes\Button.jsx">
      <metrics statements="2" coveredstatements="2" conditionals="0" coveredconditionals="0" methods="1" coveredmethods="1"/>
      <line num="3" count="2" type="stmt"/>
      <line num="4" count="1066" type="stmt"/>
    </file>
    <file name="Calculator.jsx" path="C:\Users\Eduar\OneDrive\Documentos\WEB\Lab8Calculadora\src\Componentes\Calculator.jsx">
      <metrics statements="58" coveredstatements="45" conditionals="94" coveredconditionals="81" methods="9" coveredmethods="8"/>
      <line num="6" count="1" type="stmt"/>
      <line num="7" count="56" type="stmt"/>
      <line num="8" count="56" type="stmt"/>
      <line num="9" count="56" type="stmt"/>
      <line num="10" count="56" type="stmt"/>
      <line num="12" count="56" type="stmt"/>
      <line num="13" count="32" type="stmt"/>
      <line num="15" count="32" type="cond" truecount="3" falsecount="1"/>
      <line num="16" count="0" type="stmt"/>
      <line num="17" count="0" type="stmt"/>
      <line num="18" count="0" type="stmt"/>
      <line num="19" count="0" type="stmt"/>
      <line num="22" count="32" type="cond" truecount="2" falsecount="2"/>
      <line num="24" count="32" type="cond" truecount="2" falsecount="2"/>
      <line num="25" count="32" type="stmt"/>
      <line num="26" count="32" type="cond" truecount="4" falsecount="0"/>
      <line num="27" count="24" type="stmt"/>
      <line num="29" count="8" type="stmt"/>
      <line num="34" count="56" type="stmt"/>
      <line num="35" count="2" type="stmt"/>
      <line num="36" count="2" type="stmt"/>
      <line num="37" count="2" type="stmt"/>
      <line num="38" count="2" type="stmt"/>
      <line num="41" count="56" type="stmt"/>
      <line num="42" count="2" type="stmt"/>
      <line num="43" count="2" type="stmt"/>
      <line num="44" count="2" type="cond" truecount="2" falsecount="2"/>
      <line num="45" count="2" type="stmt"/>
      <line num="49" count="56" type="stmt"/>
      <line num="50" count="7" type="stmt"/>
      <line num="51" count="7" type="stmt"/>
      <line num="52" count="7" type="cond" truecount="4" falsecount="0"/>
      <line num="53" count="2" type="stmt"/>
      <line num="54" count="2" type="stmt"/>
      <line num="56" count="5" type="stmt"/>
      <line num="57" count="5" type="cond" truecount="1" falsecount="1"/>
      <line num="58" count="0" type="stmt"/>
      <line num="60" count="5" type="stmt"/>
      <line num="62" count="5" type="stmt"/>
      <line num="64" count="7" type="stmt"/>
      <line num="66" count="0" type="stmt"/>
      <line num="67" count="0" type="stmt"/>
      <line num="71" count="56" type="stmt"/>
      <line num="72" count="0" type="stmt"/>
      <line num="73" count="0" type="stmt"/>
      <line num="74" count="0" type="cond" truecount="0" falsecount="2"/>
      <line num="75" count="0" type="stmt"/>
      <line num="76" count="0" type="stmt"/>
      <line num="79" count="56" type="stmt"/>
      <line num="80" count="1" type="cond" truecount="1" falsecount="1"/>
      <line num="82" count="1" type="stmt"/>
      <line num="83" count="1" type="cond" truecount="1" falsecount="1"/>
      <line num="84" count="0" type="stmt"/>
      <line num="85" count="1" type="cond" truecount="1" falsecount="1"/>
      <line num="86" count="1" type="stmt"/>
      <line num="89" count="1" type="stmt"/>
      <line num="90" count="1" type="stmt"/>
      <line num="93" count="56" type="stmt"/>
    </file>
    <file name="Display.jsx" path="C:\Users\Eduar\OneDrive\Documentos\WEB\Lab8Calculadora\src\Componentes\Display.jsx">
      <metrics statements="2" coveredstatements="2" conditionals="0" coveredconditionals="0" methods="1" coveredmethods="1"/>
      <line num="3" count="2" type="stmt"/>
      <line num="4" count="58" type="stmt"/>
    </file>
  </project>
</coverage>
