{"C:\\Users\\Eduar\\OneDrive\\Documentos\\WEB\\Lab8Calculadora\\src\\Componentes\\Button.jsx": {"path":"C:\\Users\\Eduar\\OneDrive\\Documentos\\WEB\\Lab8Calculadora\\src\\Componentes\\Button.jsx","statementMap":{"0":{"start":{"line":3,"column":15},"end":{"line":9,"column":1}},"1":{"start":{"line":4,"column":2},"end":{"line":8,"column":4}}},"fnMap":{"0":{"name":"(anonymous_0)","decl":{"start":{"line":3,"column":15},"end":{"line":3,"column":16}},"loc":{"start":{"line":3,"column":43},"end":{"line":9,"column":1}},"line":3}},"branchMap":{},"s":{"0":2,"1":1066},"f":{"0":1066},"b":{},"_coverageSchema":"1a1c01bbd47fc00a2c39e90264f33305004495a9","hash":"e2d8fa01c57fb6c438ccc6e920bbd3f68a016738"}
,"C:\\Users\\Eduar\\OneDrive\\Documentos\\WEB\\Lab8Calculadora\\src\\Componentes\\Calculator.jsx": {"path":"C:\\Users\\Eduar\\OneDrive\\Documentos\\WEB\\Lab8Calculadora\\src\\Componentes\\Calculator.jsx","statementMap":{"0":{"start":{"line":6,"column":19},"end":{"line":119,"column":1}},"1":{"start":{"line":7,"column":30},"end":{"line":7,"column":42}},"2":{"start":{"line":8,"column":42},"end":{"line":8,"column":54}},"3":{"start":{"line":9,"column":44},"end":{"line":9,"column":59}},"4":{"start":{"line":10,"column":28},"end":{"line":10,"column":43}},"5":{"start":{"line":12,"column":22},"end":{"line":32,"column":3}},"6":{"start":{"line":13,"column":18},"end":{"line":13,"column":29}},"7":{"start":{"line":15,"column":4},"end":{"line":20,"column":5}},"8":{"start":{"line":16,"column":6},"end":{"line":16,"column":20}},"9":{"start":{"line":17,"column":6},"end":{"line":17,"column":26}},"10":{"start":{"line":18,"column":6},"end":{"line":18,"column":30}},"11":{"start":{"line":19,"column":6},"end":{"line":19,"column":22}},"12":{"start":{"line":22,"column":4},"end":{"line":22,"column":60}},"13":{"start":{"line":22,"column":53},"end":{"line":22,"column":60}},"14":{"start":{"line":24,"column":4},"end":{"line":31,"column":5}},"15":{"start":{"line":25,"column":6},"end":{"line":25,"column":38}},"16":{"start":{"line":25,"column":24},"end":{"line":25,"column":36}},"17":{"start":{"line":26,"column":6},"end":{"line":30,"column":7}},"18":{"start":{"line":27,"column":8},"end":{"line":27,"column":46}},"19":{"start":{"line":27,"column":32},"end":{"line":27,"column":44}},"20":{"start":{"line":29,"column":8},"end":{"line":29,"column":28}},"21":{"start":{"line":34,"column":16},"end":{"line":39,"column":3}},"22":{"start":{"line":35,"column":4},"end":{"line":35,"column":18}},"23":{"start":{"line":36,"column":4},"end":{"line":36,"column":24}},"24":{"start":{"line":37,"column":4},"end":{"line":37,"column":28}},"25":{"start":{"line":38,"column":4},"end":{"line":38,"column":20}},"26":{"start":{"line":41,"column":24},"end":{"line":47,"column":3}},"27":{"start":{"line":42,"column":26},"end":{"line":42,"column":45}},"28":{"start":{"line":43,"column":4},"end":{"line":43,"column":29}},"29":{"start":{"line":44,"column":4},"end":{"line":46,"column":5}},"30":{"start":{"line":45,"column":6},"end":{"line":45,"column":49}},"31":{"start":{"line":49,"column":20},"end":{"line":69,"column":3}},"32":{"start":{"line":50,"column":4},"end":{"line":68,"column":5}},"33":{"start":{"line":51,"column":25},"end":{"line":51,"column":37}},"34":{"start":{"line":52,"column":6},"end":{"line":63,"column":7}},"35":{"start":{"line":53,"column":8},"end":{"line":53,"column":27}},"36":{"start":{"line":54,"column":8},"end":{"line":54,"column":23}},"37":{"start":{"line":56,"column":30},"end":{"line":56,"column":51}},"38":{"start":{"line":57,"column":8},"end":{"line":61,"column":9}},"39":{"start":{"line":58,"column":10},"end":{"line":58,"column":47}},"40":{"start":{"line":60,"column":10},"end":{"line":60,"column":35}},"41":{"start":{"line":62,"column":8},"end":{"line":62,"column":39}},"42":{"start":{"line":64,"column":6},"end":{"line":64,"column":29}},"43":{"start":{"line":66,"column":6},"end":{"line":66,"column":25}},"44":{"start":{"line":67,"column":6},"end":{"line":67,"column":21}},"45":{"start":{"line":71,"column":37},"end":{"line":77,"column":3}},"46":{"start":{"line":72,"column":18},"end":{"line":72,"column":29}},"47":{"start":{"line":73,"column":4},"end":{"line":73,"column":21}},"48":{"start":{"line":74,"column":4},"end":{"line":74,"column":47}},"49":{"start":{"line":75,"column":4},"end":{"line":75,"column":28}},"50":{"start":{"line":76,"column":4},"end":{"line":76,"column":20}},"51":{"start":{"line":79,"column":21},"end":{"line":91,"column":3}},"52":{"start":{"line":80,"column":4},"end":{"line":80,"column":30}},"53":{"start":{"line":80,"column":23},"end":{"line":80,"column":30}},"54":{"start":{"line":82,"column":24},"end":{"line":82,"column":30}},"55":{"start":{"line":83,"column":4},"end":{"line":87,"column":5}},"56":{"start":{"line":84,"column":6},"end":{"line":84,"column":38}},"57":{"start":{"line":85,"column":11},"end":{"line":87,"column":5}},"58":{"start":{"line":86,"column":6},"end":{"line":86,"column":35}},"59":{"start":{"line":89,"column":4},"end":{"line":89,"column":29}},"60":{"start":{"line":90,"column":4},"end":{"line":90,"column":35}},"61":{"start":{"line":93,"column":2},"end":{"line":118,"column":4}}},"fnMap":{"0":{"name":"(anonymous_0)","decl":{"start":{"line":6,"column":19},"end":{"line":6,"column":20}},"loc":{"start":{"line":6,"column":25},"end":{"line":119,"column":1}},"line":6},"1":{"name":"(anonymous_1)","decl":{"start":{"line":12,"column":22},"end":{"line":12,"column":23}},"loc":{"start":{"line":12,"column":27},"end":{"line":32,"column":3}},"line":12},"2":{"name":"(anonymous_2)","decl":{"start":{"line":25,"column":16},"end":{"line":25,"column":17}},"loc":{"start":{"line":25,"column":24},"end":{"line":25,"column":36}},"line":25},"3":{"name":"(anonymous_3)","decl":{"start":{"line":27,"column":24},"end":{"line":27,"column":25}},"loc":{"start":{"line":27,"column":32},"end":{"line":27,"column":44}},"line":27},"4":{"name":"(anonymous_4)","decl":{"start":{"line":34,"column":16},"end":{"line":34,"column":17}},"loc":{"start":{"line":34,"column":22},"end":{"line":39,"column":3}},"line":34},"5":{"name":"(anonymous_5)","decl":{"start":{"line":41,"column":24},"end":{"line":41,"column":25}},"loc":{"start":{"line":41,"column":30},"end":{"line":47,"column":3}},"line":41},"6":{"name":"(anonymous_6)","decl":{"start":{"line":49,"column":20},"end":{"line":49,"column":21}},"loc":{"start":{"line":49,"column":26},"end":{"line":69,"column":3}},"line":49},"7":{"name":"(anonymous_7)","decl":{"start":{"line":71,"column":37},"end":{"line":71,"column":38}},"loc":{"start":{"line":71,"column":42},"end":{"line":77,"column":3}},"line":71},"8":{"name":"(anonymous_8)","decl":{"start":{"line":79,"column":21},"end":{"line":79,"column":22}},"loc":{"start":{"line":79,"column":27},"end":{"line":91,"column":3}},"line":79}},"branchMap":{"0":{"loc":{"start":{"line":15,"column":4},"end":{"line":20,"column":5}},"type":"if","locations":[{"start":{"line":15,"column":4},"end":{"line":20,"column":5}},{"start":{},"end":{}}],"line":15},"1":{"loc":{"start":{"line":15,"column":8},"end":{"line":15,"column":30}},"type":"binary-expr","locations":[{"start":{"line":15,"column":8},"end":{"line":15,"column":13}},{"start":{"line":15,"column":17},"end":{"line":15,"column":30}}],"line":15},"2":{"loc":{"start":{"line":22,"column":4},"end":{"line":22,"column":60}},"type":"if","locations":[{"start":{"line":22,"column":4},"end":{"line":22,"column":60}},{"start":{},"end":{}}],"line":22},"3":{"loc":{"start":{"line":22,"column":8},"end":{"line":22,"column":51}},"type":"binary-expr","locations":[{"start":{"line":22,"column":8},"end":{"line":22,"column":21}},{"start":{"line":22,"column":25},"end":{"line":22,"column":51}}],"line":22},"4":{"loc":{"start":{"line":24,"column":4},"end":{"line":31,"column":5}},"type":"if","locations":[{"start":{"line":24,"column":4},"end":{"line":31,"column":5}},{"start":{},"end":{}}],"line":24},"5":{"loc":{"start":{"line":24,"column":8},"end":{"line":24,"column":47}},"type":"binary-expr","locations":[{"start":{"line":24,"column":8},"end":{"line":24,"column":31}},{"start":{"line":24,"column":35},"end":{"line":24,"column":47}}],"line":24},"6":{"loc":{"start":{"line":26,"column":6},"end":{"line":30,"column":7}},"type":"if","locations":[{"start":{"line":26,"column":6},"end":{"line":30,"column":7}},{"start":{"line":28,"column":13},"end":{"line":30,"column":7}}],"line":26},"7":{"loc":{"start":{"line":26,"column":10},"end":{"line":26,"column":40}},"type":"binary-expr","locations":[{"start":{"line":26,"column":10},"end":{"line":26,"column":23}},{"start":{"line":26,"column":27},"end":{"line":26,"column":40}}],"line":26},"8":{"loc":{"start":{"line":44,"column":4},"end":{"line":46,"column":5}},"type":"if","locations":[{"start":{"line":44,"column":4},"end":{"line":46,"column":5}},{"start":{},"end":{}}],"line":44},"9":{"loc":{"start":{"line":44,"column":8},"end":{"line":44,"column":60}},"type":"binary-expr","locations":[{"start":{"line":44,"column":8},"end":{"line":44,"column":32}},{"start":{"line":44,"column":36},"end":{"line":44,"column":60}}],"line":44},"10":{"loc":{"start":{"line":52,"column":6},"end":{"line":63,"column":7}},"type":"if","locations":[{"start":{"line":52,"column":6},"end":{"line":63,"column":7}},{"start":{"line":55,"column":13},"end":{"line":63,"column":7}}],"line":52},"11":{"loc":{"start":{"line":52,"column":10},"end":{"line":52,"column":50}},"type":"binary-expr","locations":[{"start":{"line":52,"column":10},"end":{"line":52,"column":24}},{"start":{"line":52,"column":28},"end":{"line":52,"column":50}}],"line":52},"12":{"loc":{"start":{"line":57,"column":8},"end":{"line":61,"column":9}},"type":"if","locations":[{"start":{"line":57,"column":8},"end":{"line":61,"column":9}},{"start":{"line":59,"column":15},"end":{"line":61,"column":9}}],"line":57},"13":{"loc":{"start":{"line":74,"column":20},"end":{"line":74,"column":45}},"type":"cond-expr","locations":[{"start":{"line":74,"column":35},"end":{"line":74,"column":37}},{"start":{"line":74,"column":40},"end":{"line":74,"column":45}}],"line":74},"14":{"loc":{"start":{"line":80,"column":4},"end":{"line":80,"column":30}},"type":"if","locations":[{"start":{"line":80,"column":4},"end":{"line":80,"column":30}},{"start":{},"end":{}}],"line":80},"15":{"loc":{"start":{"line":83,"column":4},"end":{"line":87,"column":5}},"type":"if","locations":[{"start":{"line":83,"column":4},"end":{"line":87,"column":5}},{"start":{"line":85,"column":11},"end":{"line":87,"column":5}}],"line":83},"16":{"loc":{"start":{"line":85,"column":11},"end":{"line":87,"column":5}},"type":"if","locations":[{"start":{"line":85,"column":11},"end":{"line":87,"column":5}},{"start":{},"end":{}}],"line":85},"17":{"loc":{"start":{"line":100,"column":42},"end":{"line":100,"column":107}},"type":"cond-expr","locations":[{"start":{"line":100,"column":67},"end":{"line":100,"column":93}},{"start":{"line":100,"column":96},"end":{"line":100,"column":107}}],"line":100},"18":{"loc":{"start":{"line":100,"column":42},"end":{"line":100,"column":64}},"type":"binary-expr","locations":[{"start":{"line":100,"column":42},"end":{"line":100,"column":47}},{"start":{"line":100,"column":51},"end":{"line":100,"column":64}}],"line":100},"19":{"loc":{"start":{"line":101,"column":42},"end":{"line":101,"column":107}},"type":"cond-expr","locations":[{"start":{"line":101,"column":67},"end":{"line":101,"column":93}},{"start":{"line":101,"column":96},"end":{"line":101,"column":107}}],"line":101},"20":{"loc":{"start":{"line":101,"column":42},"end":{"line":101,"column":64}},"type":"binary-expr","locations":[{"start":{"line":101,"column":42},"end":{"line":101,"column":47}},{"start":{"line":101,"column":51},"end":{"line":101,"column":64}}],"line":101},"21":{"loc":{"start":{"line":102,"column":42},"end":{"line":102,"column":107}},"type":"cond-expr","locations":[{"start":{"line":102,"column":67},"end":{"line":102,"column":93}},{"start":{"line":102,"column":96},"end":{"line":102,"column":107}}],"line":102},"22":{"loc":{"start":{"line":102,"column":42},"end":{"line":102,"column":64}},"type":"binary-expr","locations":[{"start":{"line":102,"column":42},"end":{"line":102,"column":47}},{"start":{"line":102,"column":51},"end":{"line":102,"column":64}}],"line":102},"23":{"loc":{"start":{"line":103,"column":42},"end":{"line":103,"column":107}},"type":"cond-expr","locations":[{"start":{"line":103,"column":67},"end":{"line":103,"column":93}},{"start":{"line":103,"column":96},"end":{"line":103,"column":107}}],"line":103},"24":{"loc":{"start":{"line":103,"column":42},"end":{"line":103,"column":64}},"type":"binary-expr","locations":[{"start":{"line":103,"column":42},"end":{"line":103,"column":47}},{"start":{"line":103,"column":51},"end":{"line":103,"column":64}}],"line":103},"25":{"loc":{"start":{"line":104,"column":42},"end":{"line":104,"column":107}},"type":"cond-expr","locations":[{"start":{"line":104,"column":67},"end":{"line":104,"column":93}},{"start":{"line":104,"column":96},"end":{"line":104,"column":107}}],"line":104},"26":{"loc":{"start":{"line":104,"column":42},"end":{"line":104,"column":64}},"type":"binary-expr","locations":[{"start":{"line":104,"column":42},"end":{"line":104,"column":47}},{"start":{"line":104,"column":51},"end":{"line":104,"column":64}}],"line":104},"27":{"loc":{"start":{"line":105,"column":42},"end":{"line":105,"column":107}},"type":"cond-expr","locations":[{"start":{"line":105,"column":67},"end":{"line":105,"column":93}},{"start":{"line":105,"column":96},"end":{"line":105,"column":107}}],"line":105},"28":{"loc":{"start":{"line":105,"column":42},"end":{"line":105,"column":64}},"type":"binary-expr","locations":[{"start":{"line":105,"column":42},"end":{"line":105,"column":47}},{"start":{"line":105,"column":51},"end":{"line":105,"column":64}}],"line":105},"29":{"loc":{"start":{"line":106,"column":42},"end":{"line":106,"column":107}},"type":"cond-expr","locations":[{"start":{"line":106,"column":67},"end":{"line":106,"column":93}},{"start":{"line":106,"column":96},"end":{"line":106,"column":107}}],"line":106},"30":{"loc":{"start":{"line":106,"column":42},"end":{"line":106,"column":64}},"type":"binary-expr","locations":[{"start":{"line":106,"column":42},"end":{"line":106,"column":47}},{"start":{"line":106,"column":51},"end":{"line":106,"column":64}}],"line":106},"31":{"loc":{"start":{"line":107,"column":42},"end":{"line":107,"column":107}},"type":"cond-expr","locations":[{"start":{"line":107,"column":67},"end":{"line":107,"column":93}},{"start":{"line":107,"column":96},"end":{"line":107,"column":107}}],"line":107},"32":{"loc":{"start":{"line":107,"column":42},"end":{"line":107,"column":64}},"type":"binary-expr","locations":[{"start":{"line":107,"column":42},"end":{"line":107,"column":47}},{"start":{"line":107,"column":51},"end":{"line":107,"column":64}}],"line":107},"33":{"loc":{"start":{"line":108,"column":42},"end":{"line":108,"column":107}},"type":"cond-expr","locations":[{"start":{"line":108,"column":67},"end":{"line":108,"column":93}},{"start":{"line":108,"column":96},"end":{"line":108,"column":107}}],"line":108},"34":{"loc":{"start":{"line":108,"column":42},"end":{"line":108,"column":64}},"type":"binary-expr","locations":[{"start":{"line":108,"column":42},"end":{"line":108,"column":47}},{"start":{"line":108,"column":51},"end":{"line":108,"column":64}}],"line":108},"35":{"loc":{"start":{"line":109,"column":42},"end":{"line":109,"column":107}},"type":"cond-expr","locations":[{"start":{"line":109,"column":67},"end":{"line":109,"column":93}},{"start":{"line":109,"column":96},"end":{"line":109,"column":107}}],"line":109},"36":{"loc":{"start":{"line":109,"column":42},"end":{"line":109,"column":64}},"type":"binary-expr","locations":[{"start":{"line":109,"column":42},"end":{"line":109,"column":47}},{"start":{"line":109,"column":51},"end":{"line":109,"column":64}}],"line":109},"37":{"loc":{"start":{"line":110,"column":42},"end":{"line":110,"column":107}},"type":"cond-expr","locations":[{"start":{"line":110,"column":67},"end":{"line":110,"column":93}},{"start":{"line":110,"column":96},"end":{"line":110,"column":107}}],"line":110},"38":{"loc":{"start":{"line":110,"column":42},"end":{"line":110,"column":64}},"type":"binary-expr","locations":[{"start":{"line":110,"column":42},"end":{"line":110,"column":47}},{"start":{"line":110,"column":51},"end":{"line":110,"column":64}}],"line":110},"39":{"loc":{"start":{"line":111,"column":42},"end":{"line":111,"column":107}},"type":"cond-expr","locations":[{"start":{"line":111,"column":67},"end":{"line":111,"column":93}},{"start":{"line":111,"column":96},"end":{"line":111,"column":107}}],"line":111},"40":{"loc":{"start":{"line":111,"column":42},"end":{"line":111,"column":64}},"type":"binary-expr","locations":[{"start":{"line":111,"column":42},"end":{"line":111,"column":47}},{"start":{"line":111,"column":51},"end":{"line":111,"column":64}}],"line":111},"41":{"loc":{"start":{"line":112,"column":42},"end":{"line":112,"column":107}},"type":"cond-expr","locations":[{"start":{"line":112,"column":67},"end":{"line":112,"column":93}},{"start":{"line":112,"column":96},"end":{"line":112,"column":107}}],"line":112},"42":{"loc":{"start":{"line":112,"column":42},"end":{"line":112,"column":64}},"type":"binary-expr","locations":[{"start":{"line":112,"column":42},"end":{"line":112,"column":47}},{"start":{"line":112,"column":51},"end":{"line":112,"column":64}}],"line":112},"43":{"loc":{"start":{"line":113,"column":42},"end":{"line":113,"column":107}},"type":"cond-expr","locations":[{"start":{"line":113,"column":67},"end":{"line":113,"column":93}},{"start":{"line":113,"column":96},"end":{"line":113,"column":107}}],"line":113},"44":{"loc":{"start":{"line":113,"column":42},"end":{"line":113,"column":64}},"type":"binary-expr","locations":[{"start":{"line":113,"column":42},"end":{"line":113,"column":47}},{"start":{"line":113,"column":51},"end":{"line":113,"column":64}}],"line":113},"45":{"loc":{"start":{"line":114,"column":42},"end":{"line":114,"column":107}},"type":"cond-expr","locations":[{"start":{"line":114,"column":67},"end":{"line":114,"column":93}},{"start":{"line":114,"column":96},"end":{"line":114,"column":107}}],"line":114},"46":{"loc":{"start":{"line":114,"column":42},"end":{"line":114,"column":64}},"type":"binary-expr","locations":[{"start":{"line":114,"column":42},"end":{"line":114,"column":47}},{"start":{"line":114,"column":51},"end":{"line":114,"column":64}}],"line":114}},"s":{"0":1,"1":56,"2":56,"3":56,"4":56,"5":56,"6":32,"7":32,"8":0,"9":0,"10":0,"11":0,"12":32,"13":0,"14":32,"15":32,"16":32,"17":32,"18":24,"19":24,"20":8,"21":56,"22":2,"23":2,"24":2,"25":2,"26":56,"27":2,"28":2,"29":2,"30":2,"31":56,"32":7,"33":7,"34":7,"35":2,"36":2,"37":5,"38":5,"39":0,"40":5,"41":5,"42":7,"43":0,"44":0,"45":56,"46":0,"47":0,"48":0,"49":0,"50":0,"51":56,"52":1,"53":0,"54":1,"55":1,"56":0,"57":1,"58":1,"59":1,"60":1,"61":56},"f":{"0":56,"1":32,"2":32,"3":24,"4":2,"5":2,"6":7,"7":0,"8":1},"b":{"0":[0,32],"1":[32,32],"2":[0,32],"3":[32,0],"4":[32,0],"5":[32,0],"6":[24,8],"7":[32,8],"8":[2,0],"9":[2,0],"10":[2,5],"11":[7,6],"12":[0,5],"13":[0,0],"14":[0,1],"15":[0,1],"16":[1,0],"17":[7,49],"18":[56,54],"19":[7,49],"20":[56,54],"21":[7,49],"22":[56,54],"23":[7,49],"24":[56,54],"25":[7,49],"26":[56,54],"27":[7,49],"28":[56,54],"29":[7,49],"30":[56,54],"31":[7,49],"32":[56,54],"33":[7,49],"34":[56,54],"35":[7,49],"36":[56,54],"37":[7,49],"38":[56,54],"39":[7,49],"40":[56,54],"41":[7,49],"42":[56,54],"43":[7,49],"44":[56,54],"45":[7,49],"46":[56,54]},"_coverageSchema":"1a1c01bbd47fc00a2c39e90264f33305004495a9","hash":"de14c21db180d67f49becee23a3612aad002595f"}
,"C:\\Users\\Eduar\\OneDrive\\Documentos\\WEB\\Lab8Calculadora\\src\\Componentes\\Display.jsx": {"path":"C:\\Users\\Eduar\\OneDrive\\Documentos\\WEB\\Lab8Calculadora\\src\\Componentes\\Display.jsx","statementMap":{"0":{"start":{"line":3,"column":16},"end":{"line":7,"column":1}},"1":{"start":{"line":4,"column":2},"end":{"line":6,"column":4}}},"fnMap":{"0":{"name":"(anonymous_0)","decl":{"start":{"line":3,"column":16},"end":{"line":3,"column":17}},"loc":{"start":{"line":3,"column":31},"end":{"line":7,"column":1}},"line":3}},"branchMap":{},"s":{"0":2,"1":58},"f":{"0":58},"b":{},"_coverageSchema":"1a1c01bbd47fc00a2c39e90264f33305004495a9","hash":"0fcc207c9a889e2ca1187971ff10bdc3d830a5e5"}
}
