TN:
SF:src\Componentes\Button.jsx
FN:3,(anonymous_0)
FNF:1
FNH:1
FNDA:1066,(anonymous_0)
DA:3,2
DA:4,1066
LF:2
LH:2
BRF:0
BRH:0
end_of_record
TN:
SF:src\Componentes\Calculator.jsx
FN:6,(anonymous_0)
FN:12,(anonymous_1)
FN:25,(anonymous_2)
FN:27,(anonymous_3)
FN:34,(anonymous_4)
FN:41,(anonymous_5)
FN:49,(anonymous_6)
FN:71,(anonymous_7)
FN:79,(anonymous_8)
FNF:9
FNH:8
FNDA:56,(anonymous_0)
FNDA:32,(anonymous_1)
FNDA:32,(anonymous_2)
FNDA:24,(anonymous_3)
FNDA:2,(anonymous_4)
FNDA:2,(anonymous_5)
FNDA:7,(anonymous_6)
FNDA:0,(anonymous_7)
FNDA:1,(anonymous_8)
DA:6,1
DA:7,56
DA:8,56
DA:9,56
DA:10,56
DA:12,56
DA:13,32
DA:15,32
DA:16,0
DA:17,0
DA:18,0
DA:19,0
DA:22,32
DA:24,32
DA:25,32
DA:26,32
DA:27,24
DA:29,8
DA:34,56
DA:35,2
DA:36,2
DA:37,2
DA:38,2
DA:41,56
DA:42,2
DA:43,2
DA:44,2
DA:45,2
DA:49,56
DA:50,7
DA:51,7
DA:52,7
DA:53,2
DA:54,2
DA:56,5
DA:57,5
DA:58,0
DA:60,5
DA:62,5
DA:64,7
DA:66,0
DA:67,0
DA:71,56
DA:72,0
DA:73,0
DA:74,0
DA:75,0
DA:76,0
DA:79,56
DA:80,1
DA:82,1
DA:83,1
DA:84,0
DA:85,1
DA:86,1
DA:89,1
DA:90,1
DA:93,56
LF:58
LH:45
BRDA:15,0,0,0
BRDA:15,0,1,32
BRDA:15,1,0,32
BRDA:15,1,1,32
BRDA:22,2,0,0
BRDA:22,2,1,32
BRDA:22,3,0,32
BRDA:22,3,1,0
BRDA:24,4,0,32
BRDA:24,4,1,0
BRDA:24,5,0,32
BRDA:24,5,1,0
BRDA:26,6,0,24
BRDA:26,6,1,8
BRDA:26,7,0,32
BRDA:26,7,1,8
BRDA:44,8,0,2
BRDA:44,8,1,0
BRDA:44,9,0,2
BRDA:44,9,1,0
BRDA:52,10,0,2
BRDA:52,10,1,5
BRDA:52,11,0,7
BRDA:52,11,1,6
BRDA:57,12,0,0
BRDA:57,12,1,5
BRDA:74,13,0,0
BRDA:74,13,1,0
BRDA:80,14,0,0
BRDA:80,14,1,1
BRDA:83,15,0,0
BRDA:83,15,1,1
BRDA:85,16,0,1
BRDA:85,16,1,0
BRDA:100,17,0,7
BRDA:100,17,1,49
BRDA:100,18,0,56
BRDA:100,18,1,54
BRDA:101,19,0,7
BRDA:101,19,1,49
BRDA:101,20,0,56
BRDA:101,20,1,54
BRDA:102,21,0,7
BRDA:102,21,1,49
BRDA:102,22,0,56
BRDA:102,22,1,54
BRDA:103,23,0,7
BRDA:103,23,1,49
BRDA:103,24,0,56
BRDA:103,24,1,54
BRDA:104,25,0,7
BRDA:104,25,1,49
BRDA:104,26,0,56
BRDA:104,26,1,54
BRDA:105,27,0,7
BRDA:105,27,1,49
BRDA:105,28,0,56
BRDA:105,28,1,54
BRDA:106,29,0,7
BRDA:106,29,1,49
BRDA:106,30,0,56
BRDA:106,30,1,54
BRDA:107,31,0,7
BRDA:107,31,1,49
BRDA:107,32,0,56
BRDA:107,32,1,54
BRDA:108,33,0,7
BRDA:108,33,1,49
BRDA:108,34,0,56
BRDA:108,34,1,54
BRDA:109,35,0,7
BRDA:109,35,1,49
BRDA:109,36,0,56
BRDA:109,36,1,54
BRDA:110,37,0,7
BRDA:110,37,1,49
BRDA:110,38,0,56
BRDA:110,38,1,54
BRDA:111,39,0,7
BRDA:111,39,1,49
BRDA:111,40,0,56
BRDA:111,40,1,54
BRDA:112,41,0,7
BRDA:112,41,1,49
BRDA:112,42,0,56
BRDA:112,42,1,54
BRDA:113,43,0,7
BRDA:113,43,1,49
BRDA:113,44,0,56
BRDA:113,44,1,54
BRDA:114,45,0,7
BRDA:114,45,1,49
BRDA:114,46,0,56
BRDA:114,46,1,54
BRF:94
BRH:81
end_of_record
TN:
SF:src\Componentes\Display.jsx
FN:3,(anonymous_0)
FNF:1
FNH:1
FNDA:58,(anonymous_0)
DA:3,2
DA:4,58
LF:2
LH:2
BRF:0
BRH:0
end_of_record
